<?xml version="1.0" encoding="UTF-8"?>
<!-- Generated by org.testng.reporters.JUnitReportReporter -->
<testsuite hostname="LAPTOP-5B9G6GKJ" failures="0" tests="4" name="TestCase.LoginTestCase" time="5.306" errors="0" timestamp="2022-10-28T11:49:07 IST" skipped="0">
  <testcase classname="TestCase.LoginTestCase" name="invalidUsernameValidPasswordLoginTest" time="1.176"/>
  <system-out/>
  <testcase classname="TestCase.LoginTestCase" name="validUsernameInvalidPasswordLoginTest" time="0.997"/>
  <system-out/>
  <testcase classname="TestCase.LoginTestCase" name="invalidUsernameInvalidPasswordLoginTest" time="0.892"/>
  <system-out/>
  <testcase classname="TestCase.LoginTestCase" name="ValidloginTest" time="2.241"/>
  <system-out/>
</testsuite> <!-- TestCase.LoginTestCase -->
