<?xml version="1.0" encoding="UTF-8"?>
<!-- Generated by org.testng.reporters.JUnitReportReporter -->
<testsuite hostname="LAPTOP-5B9G6GKJ" failures="0" tests="2" name="TestCase.PopuarMakeCommentTestCase" time="23.776" errors="0" timestamp="2022-11-01T10:03:07 IST" skipped="0">
  <testcase classname="TestCase.PopuarMakeCommentTestCase" name="newUserRegisterTest" time="17.698"/>
  <system-out/>
  <testcase classname="TestCase.PopuarMakeCommentTestCase" name="testReComment" time="6.078"/>
  <system-out/>
</testsuite> <!-- TestCase.PopuarMakeCommentTestCase -->
