<?xml version="1.0" encoding="UTF-8"?>
<!-- Generated by org.testng.reporters.JUnitReportReporter -->
<testsuite hostname="LAPTOP-5B9G6GKJ" failures="0" tests="2" name="TestCase.RegisterTestCase" time="6.061" errors="0" timestamp="2022-10-28T11:49:07 IST" skipped="0">
  <testcase classname="TestCase.RegisterTestCase" name="testExistingInputFields" time="1.725"/>
  <system-out/>
  <testcase classname="TestCase.RegisterTestCase" name="newUserRegisterTest" time="4.336"/>
  <system-out/>
</testsuite> <!-- TestCase.RegisterTestCase -->
