<?xml version="1.0" encoding="UTF-8"?>
<!-- Generated by org.testng.reporters.JUnitReportReporter -->
<testsuite hostname="LAPTOP-5B9G6GKJ" failures="0" tests="1" name="TestCase.TestCase" time="5.781" errors="0" timestamp="2022-10-25T09:29:39 IST" skipped="0">
  <testcase classname="TestCase.TestCase" name="testReComment" time="5.781"/>
  <system-out/>
</testsuite> <!-- TestCase.TestCase -->
