<?xml version="1.0" encoding="UTF-8"?>
<!-- Generated by org.testng.reporters.JUnitReportReporter -->
<testsuite hostname="LAPTOP-5B9G6GKJ" failures="0" tests="2" name="TestCase.PopuarMakeCommentTestCase" time="23.029" errors="0" timestamp="2022-10-31T16:37:55 IST" skipped="0">
  <testcase classname="TestCase.PopuarMakeCommentTestCase" name="testReComment" time="7.446"/>
  <system-out/>
  <testcase classname="TestCase.PopuarMakeCommentTestCase" name="newUserRegisterTest" time="15.583"/>
  <system-out/>
</testsuite> <!-- TestCase.PopuarMakeCommentTestCase -->
