<?xml version="1.0" encoding="UTF-8"?>
<!-- Generated by org.testng.reporters.JUnitReportReporter -->
<testsuite hostname="LAPTOP-5B9G6GKJ" failures="0" tests="4" name="TestCase.LoginTestCase" time="6.000" errors="0" timestamp="2022-11-01T10:03:07 IST" skipped="0">
  <testcase classname="TestCase.LoginTestCase" name="invalidUsernameValidPasswordLoginTest" time="1.808"/>
  <system-out/>
  <testcase classname="TestCase.LoginTestCase" name="validUsernameInvalidPasswordLoginTest" time="1.131"/>
  <system-out/>
  <testcase classname="TestCase.LoginTestCase" name="invalidUsernameInvalidPasswordLoginTest" time="1.006"/>
  <system-out/>
  <testcase classname="TestCase.LoginTestCase" name="ValidloginTest" time="2.055"/>
  <system-out/>
</testsuite> <!-- TestCase.LoginTestCase -->
