<?xml version="1.0" encoding="UTF-8"?>
<!-- Generated by org.testng.reporters.JUnitReportReporter -->
<testsuite hostname="LAPTOP-5B9G6GKJ" failures="0" tests="2" name="TestCase.PopuarMakeCommentTestCase" time="23.861" errors="0" timestamp="2022-10-25T16:10:27 IST" skipped="0">
  <testcase classname="TestCase.PopuarMakeCommentTestCase" name="testReComment" time="7.933"/>
  <system-out/>
  <testcase classname="TestCase.PopuarMakeCommentTestCase" name="newUserRegisterTest" time="15.928"/>
  <system-out/>
</testsuite> <!-- TestCase.PopuarMakeCommentTestCase -->
