<?xml version="1.0" encoding="UTF-8"?>
<!-- Generated by org.testng.reporters.JUnitReportReporter -->
<testsuite hostname="LAPTOP-5B9G6GKJ" failures="0" tests="4" name="TestCase.LoginTestCase" time="5.534" errors="0" timestamp="2022-10-25T15:56:06 IST" skipped="0">
  <testcase classname="TestCase.LoginTestCase" name="invalidUsernameValidPasswordLoginTest" time="1.481"/>
  <system-out/>
  <testcase classname="TestCase.LoginTestCase" name="validUsernameInvalidPasswordLoginTest" time="1.173"/>
  <system-out/>
  <testcase classname="TestCase.LoginTestCase" name="invalidUsernameInvalidPasswordLoginTest" time="1.011"/>
  <system-out/>
  <testcase classname="TestCase.LoginTestCase" name="ValidloginTest" time="1.869"/>
  <system-out/>
</testsuite> <!-- TestCase.LoginTestCase -->
