<?xml version="1.0" encoding="UTF-8"?>
<!-- Generated by org.testng.reporters.JUnitReportReporter -->
<testsuite hostname="LAPTOP-5B9G6GKJ" failures="0" tests="2" name="TestCase.RegisterTestCase" time="7.275" errors="0" timestamp="2022-10-25T16:08:54 IST" skipped="0">
  <testcase classname="TestCase.RegisterTestCase" name="testExistingInputFields" time="2.485"/>
  <system-out/>
  <testcase classname="TestCase.RegisterTestCase" name="newUserRegisterTest" time="4.790"/>
  <system-out/>
</testsuite> <!-- TestCase.RegisterTestCase -->
