<?xml version="1.0" encoding="UTF-8"?>
<!-- Generated by org.testng.reporters.JUnitReportReporter -->
<testsuite hostname="LAPTOP-5B9G6GKJ" failures="0" tests="2" name="TestCase.RegisterTestCase" time="5.603" errors="0" timestamp="2022-10-31T16:37:55 IST" skipped="0">
  <testcase classname="TestCase.RegisterTestCase" name="testExistingInputFields" time="1.734"/>
  <system-out/>
  <testcase classname="TestCase.RegisterTestCase" name="newUserRegisterTest" time="3.869"/>
  <system-out/>
</testsuite> <!-- TestCase.RegisterTestCase -->
